TN:
SF:D:\Blibli_Futureprogram\Fase2\Project\TCFM\Front-End\src\components\BulkInsertWindow.vue
FN:51,data
FN:62,editBtnName
FN:65,closeBtnName
FN:69,created
FN:73,downloadFile
FN:74,(anonymous_7)
FN:87,(anonymous_8)
FN:95,uploadFile
FN:99,createBulkInsert
FN:104,(anonymous_11)
FN:118,(anonymous_12)
FN:125,changeFile
FN:135,closeBulkInsertWindow
FNF:13
FNH:0
FNDA:0,data
FNDA:0,editBtnName
FNDA:0,closeBtnName
FNDA:0,created
FNDA:0,downloadFile
FNDA:0,(anonymous_7)
FNDA:0,(anonymous_8)
FNDA:0,uploadFile
FNDA:0,createBulkInsert
FNDA:0,(anonymous_11)
FNDA:0,(anonymous_12)
FNDA:0,changeFile
FNDA:0,closeBulkInsertWindow
DA:43,1
DA:44,1
DA:46,1
DA:52,0
DA:63,0
DA:66,0
DA:73,0
DA:74,0
DA:81,0
DA:82,0
DA:83,0
DA:85,0
DA:86,0
DA:87,0
DA:89,0
DA:96,0
DA:97,0
DA:99,0
DA:101,0
DA:102,0
DA:103,0
DA:104,0
DA:112,0
DA:113,0
DA:114,0
DA:116,0
DA:117,0
DA:118,0
DA:119,0
DA:120,0
DA:126,0
DA:127,0
DA:128,0
DA:129,0
DA:131,0
DA:132,0
DA:136,0
LF:37
LH:3
BRDA:81,0,0,0
BRDA:81,0,1,0
BRDA:86,1,0,0
BRDA:86,1,1,0
BRDA:96,2,0,0
BRDA:96,2,1,0
BRDA:112,3,0,0
BRDA:112,3,1,0
BRDA:117,4,0,0
BRDA:117,4,1,0
BRDA:126,5,0,0
BRDA:126,5,1,0
BRF:12
BRH:0
end_of_record
TN:
SF:D:\Blibli_Futureprogram\Fase2\Project\TCFM\Front-End\src\components\CreateNewGroupWindow.vue
FN:114,data
FN:138,editBtnName
FN:141,closeBtnName
FN:145,created
FN:154,validateInput
FN:172,updateGroup
FN:173,(anonymous_8)
FN:186,(anonymous_9)
FN:197,disbandGroup
FN:201,(anonymous_11)
FN:216,(anonymous_12)
FN:218,(anonymous_13)
FN:227,createNewGroup
FN:228,(anonymous_15)
FN:241,(anonymous_16)
FN:255,closeGroupDetailWindow
FN:273,editGroupDetailWindow
FN:277,changeGroupAdmin
FN:280,getMember
FN:283,(anonymous_21)
FN:296,(anonymous_22)
FN:300,(anonymous_23)
FN:306,checkChar
FNF:23
FNH:0
FNDA:0,data
FNDA:0,editBtnName
FNDA:0,closeBtnName
FNDA:0,created
FNDA:0,validateInput
FNDA:0,updateGroup
FNDA:0,(anonymous_8)
FNDA:0,(anonymous_9)
FNDA:0,disbandGroup
FNDA:0,(anonymous_11)
FNDA:0,(anonymous_12)
FNDA:0,(anonymous_13)
FNDA:0,createNewGroup
FNDA:0,(anonymous_15)
FNDA:0,(anonymous_16)
FNDA:0,closeGroupDetailWindow
FNDA:0,editGroupDetailWindow
FNDA:0,changeGroupAdmin
FNDA:0,getMember
FNDA:0,(anonymous_21)
FNDA:0,(anonymous_22)
FNDA:0,(anonymous_23)
FNDA:0,checkChar
DA:107,1
DA:108,1
DA:115,0
DA:139,0
DA:142,0
DA:146,0
DA:147,0
DA:148,0
DA:149,0
DA:150,0
DA:155,0
DA:156,0
DA:157,0
DA:158,0
DA:159,0
DA:160,0
DA:162,0
DA:163,0
DA:164,0
DA:165,0
DA:166,0
DA:167,0
DA:169,0
DA:172,0
DA:173,0
DA:180,0
DA:181,0
DA:182,0
DA:184,0
DA:185,0
DA:186,0
DA:188,0
DA:189,0
DA:190,0
DA:197,0
DA:198,0
DA:199,0
DA:200,0
DA:201,0
DA:207,0
DA:208,0
DA:209,0
DA:210,0
DA:211,0
DA:212,0
DA:213,0
DA:214,0
DA:215,0
DA:216,0
DA:217,0
DA:218,0
DA:220,0
DA:222,0
DA:227,0
DA:228,0
DA:235,0
DA:236,0
DA:237,0
DA:239,0
DA:240,0
DA:241,0
DA:243,0
DA:244,0
DA:245,0
DA:250,0
DA:256,0
DA:257,0
DA:258,0
DA:259,0
DA:260,0
DA:263,0
DA:264,0
DA:265,0
DA:266,0
DA:269,0
DA:274,0
DA:275,0
DA:278,0
DA:280,0
DA:281,0
DA:282,0
DA:283,0
DA:290,0
DA:291,0
DA:292,0
DA:293,0
DA:295,0
DA:296,0
DA:298,0
DA:299,0
DA:300,0
DA:307,0
DA:308,0
LF:93
LH:2
BRDA:155,0,0,0
BRDA:155,0,1,0
BRDA:155,1,0,0
BRDA:155,1,1,0
BRDA:158,2,0,0
BRDA:158,2,1,0
BRDA:158,3,0,0
BRDA:158,3,1,0
BRDA:162,4,0,0
BRDA:162,4,1,0
BRDA:162,5,0,0
BRDA:162,5,1,0
BRDA:164,6,0,0
BRDA:164,6,1,0
BRDA:164,7,0,0
BRDA:164,7,1,0
BRDA:166,8,0,0
BRDA:166,8,1,0
BRDA:166,9,0,0
BRDA:166,9,1,0
BRDA:180,10,0,0
BRDA:180,10,1,0
BRDA:185,11,0,0
BRDA:185,11,1,0
BRDA:198,12,0,0
BRDA:198,12,1,0
BRDA:200,13,0,0
BRDA:200,13,1,0
BRDA:207,14,0,0
BRDA:207,14,1,0
BRDA:210,15,0,0
BRDA:210,15,1,0
BRDA:214,16,0,0
BRDA:214,16,1,0
BRDA:235,17,0,0
BRDA:235,17,1,0
BRDA:240,18,0,0
BRDA:240,18,1,0
BRDA:256,19,0,0
BRDA:256,19,1,0
BRDA:257,20,0,0
BRDA:257,20,1,0
BRDA:259,21,0,0
BRDA:259,21,1,0
BRDA:263,22,0,0
BRDA:263,22,1,0
BRDA:264,23,0,0
BRDA:264,23,1,0
BRDA:265,24,0,0
BRDA:265,24,1,0
BRDA:274,25,0,0
BRDA:274,25,1,0
BRDA:281,26,0,0
BRDA:281,26,1,0
BRDA:290,27,0,0
BRDA:290,27,1,0
BRDA:293,28,0,0
BRDA:293,28,1,0
BRDA:307,29,0,0
BRDA:307,29,1,0
BRDA:307,30,0,0
BRDA:307,30,1,0
BRDA:307,30,2,0
BRF:63
BRH:0
end_of_record
TN:
SF:D:\Blibli_Futureprogram\Fase2\Project\TCFM\Front-End\src\components\HeaderSection.vue
FN:81,data
FN:99,created
FN:103,ppAvailable
FN:110,destroyed
FN:114,notificationList
FN:118,(anonymous_7)
FN:126,openProfilePage
FN:129,streamPersonalNotification
FN:134,(anonymous_10)
FN:141,(anonymous_11)
FN:146,(anonymous_12)
FN:151,showPersonalNotification
FN:156,(anonymous_14)
FN:168,showMyProfile
FN:172,clearAllNotifications
FN:174,(anonymous_17)
FNF:16
FNH:0
FNDA:0,data
FNDA:0,created
FNDA:0,ppAvailable
FNDA:0,destroyed
FNDA:0,notificationList
FNDA:0,(anonymous_7)
FNDA:0,openProfilePage
FNDA:0,streamPersonalNotification
FNDA:0,(anonymous_10)
FNDA:0,(anonymous_11)
FNDA:0,(anonymous_12)
FNDA:0,showPersonalNotification
FNDA:0,(anonymous_14)
FNDA:0,showMyProfile
FNDA:0,clearAllNotifications
FNDA:0,(anonymous_17)
DA:74,8
DA:75,8
DA:82,0
DA:100,0
DA:104,0
DA:105,0
DA:107,0
DA:111,0
DA:114,0
DA:115,0
DA:116,0
DA:118,0
DA:119,0
DA:121,0
DA:122,0
DA:127,0
DA:129,0
DA:131,0
DA:132,0
DA:134,0
DA:135,0
DA:136,0
DA:137,0
DA:138,0
DA:139,0
DA:141,0
DA:142,0
DA:143,0
DA:146,0
DA:148,0
DA:151,0
DA:152,0
DA:153,0
DA:154,0
DA:155,0
DA:156,0
DA:159,0
DA:160,0
DA:161,0
DA:163,0
DA:169,0
DA:170,0
DA:173,0
DA:174,0
DA:177,0
DA:178,0
DA:180,0
LF:47
LH:2
BRDA:104,0,0,0
BRDA:104,0,1,0
BRDA:104,1,0,0
BRDA:104,1,1,0
BRDA:104,1,2,0
BRDA:116,2,0,0
BRDA:116,2,1,0
BRDA:119,3,0,0
BRDA:119,3,1,0
BRDA:121,4,0,0
BRDA:121,4,1,0
BRDA:154,5,0,0
BRDA:154,5,1,0
BRDA:159,6,0,0
BRDA:159,6,1,0
BRDA:177,7,0,0
BRDA:177,7,1,0
BRF:17
BRH:0
end_of_record
TN:
SF:D:\Blibli_Futureprogram\Fase2\Project\TCFM\Front-End\src\components\PaymentDetailWindow.vue
FN:83,data
FN:92,closePaymentDetailWindow
FN:93,updatePaymentStatus
FN:97,(anonymous_5)
FN:118,(anonymous_6)
FN:132,checkStatus
FN:134,created
FN:137,statusChecker
FNF:8
FNH:0
FNDA:0,data
FNDA:0,closePaymentDetailWindow
FNDA:0,updatePaymentStatus
FNDA:0,(anonymous_5)
FNDA:0,(anonymous_6)
FNDA:0,checkStatus
FNDA:0,created
FNDA:0,statusChecker
DA:75,1
DA:76,1
DA:84,0
DA:92,0
DA:93,0
DA:94,0
DA:95,0
DA:96,0
DA:97,0
DA:110,0
DA:111,0
DA:112,0
DA:113,0
DA:114,0
DA:116,0
DA:117,0
DA:118,0
DA:120,0
DA:121,0
DA:125,0
DA:126,0
DA:127,0
DA:132,0
DA:134,0
DA:138,0
DA:139,0
DA:140,0
DA:141,0
LF:28
LH:2
BRDA:94,0,0,0
BRDA:94,0,1,0
BRDA:111,1,0,0
BRDA:111,1,1,0
BRDA:114,2,0,0
BRDA:114,2,1,0
BRDA:132,3,0,0
BRDA:132,3,1,0
BRDA:139,4,0,0
BRDA:139,4,1,0
BRDA:139,4,2,0
BRF:11
BRH:0
end_of_record
TN:
SF:D:\Blibli_Futureprogram\Fase2\Project\TCFM\Front-End\src\components\addNewUser.vue
FN:146,data
FN:172,editBtnName
FN:175,closeBtnName
FN:178,ppAvailable
FN:185,created
FN:194,groupAdminGroupChanged
FN:197,groupAdminChanged
FN:202,closeAddNewUserWindow
FN:205,checkChar
FN:210,getAllGroup
FN:211,(anonymous_12)
FN:222,(anonymous_13)
FN:233,(anonymous_14)
FN:239,getMember
FN:242,(anonymous_16)
FN:255,(anonymous_17)
FN:259,(anonymous_18)
FN:268,changeGroup
FN:272,changeGroupAdmin
FN:275,changeRole
FN:280,changeFile
FN:289,createNewUser
FN:292,(anonymous_24)
FN:318,updateUser
FN:320,(anonymous_26)
FN:333,(anonymous_27)
FN:342,(anonymous_28)
FN:349,deleteUser
FN:353,(anonymous_30)
FN:369,(anonymous_31)
FN:373,(anonymous_32)
FN:379,disbandPreviousGroup
FN:380,(anonymous_34)
FN:385,(anonymous_35)
FN:401,(anonymous_36)
FN:403,(anonymous_37)
FN:412,closeUserDetailWindow
FN:438,editUserDetailWindow
FN:442,validateInput
FNF:39
FNH:0
FNDA:0,data
FNDA:0,editBtnName
FNDA:0,closeBtnName
FNDA:0,ppAvailable
FNDA:0,created
FNDA:0,groupAdminGroupChanged
FNDA:0,groupAdminChanged
FNDA:0,closeAddNewUserWindow
FNDA:0,checkChar
FNDA:0,getAllGroup
FNDA:0,(anonymous_12)
FNDA:0,(anonymous_13)
FNDA:0,(anonymous_14)
FNDA:0,getMember
FNDA:0,(anonymous_16)
FNDA:0,(anonymous_17)
FNDA:0,(anonymous_18)
FNDA:0,changeGroup
FNDA:0,changeGroupAdmin
FNDA:0,changeRole
FNDA:0,changeFile
FNDA:0,createNewUser
FNDA:0,(anonymous_24)
FNDA:0,updateUser
FNDA:0,(anonymous_26)
FNDA:0,(anonymous_27)
FNDA:0,(anonymous_28)
FNDA:0,deleteUser
FNDA:0,(anonymous_30)
FNDA:0,(anonymous_31)
FNDA:0,(anonymous_32)
FNDA:0,disbandPreviousGroup
FNDA:0,(anonymous_34)
FNDA:0,(anonymous_35)
FNDA:0,(anonymous_36)
FNDA:0,(anonymous_37)
FNDA:0,closeUserDetailWindow
FNDA:0,editUserDetailWindow
FNDA:0,validateInput
DA:142,8
DA:147,0
DA:173,0
DA:176,0
DA:179,0
DA:180,0
DA:182,0
DA:186,0
DA:187,0
DA:188,0
DA:189,0
DA:190,0
DA:191,0
DA:195,0
DA:198,0
DA:203,0
DA:206,0
DA:207,0
DA:210,0
DA:211,0
DA:217,0
DA:218,0
DA:219,0
DA:221,0
DA:222,0
DA:224,0
DA:227,0
DA:230,0
DA:231,0
DA:235,0
DA:236,0
DA:239,0
DA:242,0
DA:249,0
DA:250,0
DA:251,0
DA:253,0
DA:254,0
DA:255,0
DA:258,0
DA:259,0
DA:260,0
DA:261,0
DA:269,0
DA:270,0
DA:273,0
DA:276,0
DA:277,0
DA:281,0
DA:282,0
DA:283,0
DA:284,0
DA:286,0
DA:289,0
DA:292,0
DA:300,0
DA:301,0
DA:302,0
DA:303,0
DA:304,0
DA:305,0
DA:306,0
DA:308,0
DA:309,0
DA:310,0
DA:318,0
DA:320,0
DA:327,0
DA:328,0
DA:329,0
DA:331,0
DA:332,0
DA:333,0
DA:335,0
DA:336,0
DA:337,0
DA:338,0
DA:342,0
DA:343,0
DA:349,0
DA:350,0
DA:351,0
DA:352,0
DA:353,0
DA:360,0
DA:361,0
DA:362,0
DA:363,0
DA:364,0
DA:365,0
DA:366,0
DA:367,0
DA:368,0
DA:369,0
DA:370,0
DA:375,0
DA:376,0
DA:379,0
DA:380,0
DA:381,0
DA:382,0
DA:383,0
DA:384,0
DA:385,0
DA:391,0
DA:392,0
DA:393,0
DA:394,0
DA:395,0
DA:396,0
DA:397,0
DA:398,0
DA:399,0
DA:400,0
DA:401,0
DA:402,0
DA:403,0
DA:405,0
DA:407,0
DA:413,0
DA:414,0
DA:415,0
DA:416,0
DA:417,0
DA:419,0
DA:420,0
DA:423,0
DA:424,0
DA:425,0
DA:426,0
DA:429,0
DA:430,0
DA:431,0
DA:433,0
DA:435,0
DA:439,0
DA:440,0
DA:444,0
DA:445,0
DA:446,0
DA:447,0
DA:448,0
DA:450,0
DA:452,0
DA:453,0
DA:454,0
DA:455,0
DA:456,0
DA:457,0
DA:458,0
DA:459,0
DA:460,0
DA:462,0
DA:463,0
DA:464,0
DA:466,0
DA:467,0
DA:468,0
DA:469,0
DA:470,0
DA:471,0
DA:472,0
DA:473,0
DA:474,0
DA:475,0
DA:476,0
DA:477,0
DA:478,0
DA:479,0
DA:480,0
DA:482,0
DA:483,0
LF:172
LH:1
BRDA:179,0,0,0
BRDA:179,0,1,0
BRDA:179,1,0,0
BRDA:179,1,1,0
BRDA:179,1,2,0
BRDA:190,2,0,0
BRDA:190,2,1,0
BRDA:195,3,0,0
BRDA:195,3,1,0
BRDA:198,4,0,0
BRDA:198,4,1,0
BRDA:206,5,0,0
BRDA:206,5,1,0
BRDA:206,6,0,0
BRDA:206,6,1,0
BRDA:206,6,2,0
BRDA:217,7,0,0
BRDA:217,7,1,0
BRDA:219,8,0,0
BRDA:219,8,1,0
BRDA:227,9,0,0
BRDA:227,9,1,0
BRDA:249,10,0,0
BRDA:249,10,1,0
BRDA:254,11,0,0
BRDA:254,11,1,0
BRDA:281,12,0,0
BRDA:281,12,1,0
BRDA:300,13,0,0
BRDA:300,13,1,0
BRDA:302,14,0,0
BRDA:302,14,1,0
BRDA:327,15,0,0
BRDA:327,15,1,0
BRDA:332,16,0,0
BRDA:332,16,1,0
BRDA:342,17,0,0
BRDA:342,17,1,0
BRDA:350,18,0,0
BRDA:350,18,1,0
BRDA:352,19,0,0
BRDA:352,19,1,0
BRDA:360,20,0,0
BRDA:360,20,1,0
BRDA:362,21,0,0
BRDA:362,21,1,0
BRDA:367,22,0,0
BRDA:367,22,1,0
BRDA:382,23,0,0
BRDA:382,23,1,0
BRDA:384,24,0,0
BRDA:384,24,1,0
BRDA:391,25,0,0
BRDA:391,25,1,0
BRDA:394,26,0,0
BRDA:394,26,1,0
BRDA:399,27,0,0
BRDA:399,27,1,0
BRDA:413,28,0,0
BRDA:413,28,1,0
BRDA:414,29,0,0
BRDA:414,29,1,0
BRDA:419,30,0,0
BRDA:419,30,1,0
BRDA:423,31,0,0
BRDA:423,31,1,0
BRDA:424,32,0,0
BRDA:424,32,1,0
BRDA:425,33,0,0
BRDA:425,33,1,0
BRDA:429,34,0,0
BRDA:429,34,1,0
BRDA:429,35,0,0
BRDA:429,35,1,0
BRDA:429,35,2,0
BRDA:430,36,0,0
BRDA:430,36,1,0
BRDA:439,37,0,0
BRDA:439,37,1,0
BRDA:445,38,0,0
BRDA:445,38,1,0
BRDA:446,39,0,0
BRDA:446,39,1,0
BRDA:446,40,0,0
BRDA:446,40,1,0
BRDA:452,41,0,0
BRDA:452,41,1,0
BRDA:455,42,0,0
BRDA:455,42,1,0
BRDA:455,43,0,0
BRDA:455,43,1,0
BRDA:458,44,0,0
BRDA:458,44,1,0
BRDA:462,45,0,0
BRDA:462,45,1,0
BRDA:462,46,0,0
BRDA:462,46,1,0
BRDA:462,46,2,0
BRDA:462,46,3,0
BRDA:466,47,0,0
BRDA:466,47,1,0
BRDA:468,48,0,0
BRDA:468,48,1,0
BRDA:470,49,0,0
BRDA:470,49,1,0
BRDA:472,50,0,0
BRDA:472,50,1,0
BRDA:474,51,0,0
BRDA:474,51,1,0
BRDA:476,52,0,0
BRDA:476,52,1,0
BRDA:476,53,0,0
BRDA:476,53,1,0
BRDA:476,53,2,0
BRDA:478,54,0,0
BRDA:478,54,1,0
BRDA:478,55,0,0
BRDA:478,55,1,0
BRDA:478,55,2,0
BRDA:482,56,0,0
BRDA:482,56,1,0
BRF:121
BRH:0
end_of_record
TN:
SF:D:\Blibli_Futureprogram\Fase2\Project\TCFM\Front-End\src\components\createNewExpense.vue
FN:27,data
FN:34,created
FN:38,closeCreateNewExpenseWindow
FN:41,checkChar
FN:46,checkChange
FN:48,(anonymous_7)
FN:53,thousandSeparators
FN:70,createNewExpense
FN:73,(anonymous_10)
FN:77,(anonymous_11)
FN:107,(anonymous_12)
FN:113,validateInput
FNF:12
FNH:9
FNDA:9,data
FNDA:9,created
FNDA:0,closeCreateNewExpenseWindow
FNDA:1,checkChar
FNDA:1,checkChange
FNDA:9,(anonymous_7)
FNDA:0,thousandSeparators
FNDA:1,createNewExpense
FNDA:4,(anonymous_10)
FNDA:1,(anonymous_11)
FNDA:0,(anonymous_12)
FNDA:5,validateInput
DA:24,3
DA:28,9
DA:39,0
DA:42,1
DA:43,1
DA:47,1
DA:48,1
DA:49,18
DA:51,1
DA:54,0
DA:55,0
DA:57,0
DA:58,0
DA:59,0
DA:60,0
DA:61,0
DA:63,0
DA:65,0
DA:67,0
DA:70,1
DA:71,1
DA:72,1
DA:73,1
DA:74,8
DA:77,1
DA:93,1
DA:94,0
DA:95,1
DA:97,1
DA:98,1
DA:99,1
DA:100,1
DA:101,1
DA:102,1
DA:104,0
DA:105,0
DA:109,0
DA:110,0
DA:114,5
DA:115,1
DA:116,1
DA:117,4
DA:118,1
DA:119,1
DA:120,3
DA:121,1
DA:122,1
DA:124,2
LF:48
LH:32
BRDA:42,0,0,0
BRDA:42,0,1,1
BRDA:42,1,0,1
BRDA:42,1,1,0
BRDA:42,1,2,1
BRDA:49,2,0,9
BRDA:49,2,1,0
BRDA:54,3,0,0
BRDA:54,3,1,0
BRDA:60,4,0,0
BRDA:60,4,1,0
BRDA:60,5,0,0
BRDA:60,5,1,0
BRDA:60,5,2,0
BRDA:71,6,0,0
BRDA:71,6,1,1
BRDA:74,7,0,4
BRDA:74,7,1,0
BRDA:93,8,0,0
BRDA:93,8,1,1
BRDA:95,9,0,1
BRDA:95,9,1,0
BRDA:114,10,0,1
BRDA:114,10,1,4
BRDA:117,11,0,1
BRDA:117,11,1,3
BRDA:120,12,0,1
BRDA:120,12,1,2
BRF:28
BRH:14
end_of_record
TN:
SF:D:\Blibli_Futureprogram\Fase2\Project\TCFM\Front-End\src\components\expenseDetailWindow.vue
FN:74,data
FN:83,closeExpenseDetailWindow
FN:84,updateExpenseStatus
FN:88,(anonymous_5)
FN:122,checkStatus
FN:123,getExpenseData
FN:124,(anonymous_8)
FN:134,(anonymous_9)
FN:146,created
FN:152,statusChecker
FNF:10
FNH:0
FNDA:0,data
FNDA:0,closeExpenseDetailWindow
FNDA:0,updateExpenseStatus
FNDA:0,(anonymous_5)
FNDA:0,checkStatus
FNDA:0,getExpenseData
FNDA:0,(anonymous_8)
FNDA:0,(anonymous_9)
FNDA:0,created
FNDA:0,statusChecker
DA:68,2
DA:70,2
DA:75,0
DA:83,0
DA:84,0
DA:85,0
DA:86,0
DA:87,0
DA:88,0
DA:101,0
DA:102,0
DA:103,0
DA:104,0
DA:106,0
DA:107,0
DA:108,0
DA:110,0
DA:111,0
DA:112,0
DA:115,0
DA:116,0
DA:117,0
DA:122,0
DA:123,0
DA:124,0
DA:128,0
DA:129,0
DA:130,0
DA:132,0
DA:133,0
DA:134,0
DA:136,0
DA:137,0
DA:147,0
DA:148,0
DA:153,0
DA:154,0
DA:155,0
DA:156,0
LF:39
LH:2
BRDA:85,0,0,0
BRDA:85,0,1,0
BRDA:101,1,0,0
BRDA:101,1,1,0
BRDA:101,2,0,0
BRDA:101,2,1,0
BRDA:104,3,0,0
BRDA:104,3,1,0
BRDA:108,4,0,0
BRDA:108,4,1,0
BRDA:122,5,0,0
BRDA:122,5,1,0
BRDA:128,6,0,0
BRDA:128,6,1,0
BRDA:128,7,0,0
BRDA:128,7,1,0
BRDA:133,8,0,0
BRDA:133,8,1,0
BRDA:154,9,0,0
BRDA:154,9,1,0
BRDA:154,9,2,0
BRF:21
BRH:0
end_of_record
TN:
SF:D:\Blibli_Futureprogram\Fase2\Project\TCFM\Front-End\src\components\payNow.vue
FN:110,data
FN:128,totalTagihan
FN:131,lastPayment
FN:135,created
FN:140,closePayNowWindow
FN:143,checkChar
FN:149,setUntukMemberLain
FN:155,selectFile
FN:164,validateInput
FN:190,submitPembayaran
FN:207,(anonymous_12)
FN:226,(anonymous_13)
FN:232,getMember
FN:233,(anonymous_15)
FN:246,(anonymous_16)
FN:250,(anonymous_17)
FN:255,(anonymous_18)
FNF:17
FNH:10
FNDA:10,data
FNDA:16,totalTagihan
FNDA:10,lastPayment
FNDA:10,created
FNDA:0,closePayNowWindow
FNDA:0,checkChar
FNDA:1,setUntukMemberLain
FNDA:0,selectFile
FNDA:14,validateInput
FNDA:0,submitPembayaran
FNDA:0,(anonymous_12)
FNDA:0,(anonymous_13)
FNDA:11,getMember
FNDA:11,(anonymous_15)
FNDA:11,(anonymous_16)
FNDA:33,(anonymous_17)
FNDA:0,(anonymous_18)
DA:100,3
DA:102,3
DA:104,3
DA:111,10
DA:129,16
DA:132,10
DA:137,10
DA:141,0
DA:144,0
DA:146,0
DA:150,1
DA:151,1
DA:152,0
DA:156,0
DA:157,0
DA:158,0
DA:159,0
DA:161,0
DA:165,14
DA:166,2
DA:167,2
DA:168,12
DA:169,4
DA:170,2
DA:171,2
DA:173,8
DA:174,2
DA:175,2
DA:176,6
DA:177,2
DA:178,2
DA:179,4
DA:180,2
DA:181,2
DA:182,2
DA:183,2
DA:184,2
DA:186,2
DA:190,0
DA:191,0
DA:192,0
DA:193,0
DA:194,0
DA:195,0
DA:205,0
DA:207,0
DA:215,0
DA:216,0
DA:217,0
DA:219,0
DA:220,0
DA:221,0
DA:224,0
DA:228,0
DA:232,11
DA:233,11
DA:240,11
DA:241,0
DA:242,0
DA:243,11
DA:245,11
DA:246,11
DA:249,11
DA:250,11
DA:251,33
DA:253,11
DA:254,11
DA:255,11
DA:260,0
DA:261,0
LF:70
LH:41
BRDA:144,0,0,0
BRDA:144,0,1,0
BRDA:144,1,0,0
BRDA:144,1,1,0
BRDA:144,1,2,0
BRDA:151,2,0,0
BRDA:151,2,1,1
BRDA:156,3,0,0
BRDA:156,3,1,0
BRDA:165,4,0,2
BRDA:165,4,1,12
BRDA:168,5,0,4
BRDA:168,5,1,8
BRDA:169,6,0,2
BRDA:169,6,1,2
BRDA:173,7,0,2
BRDA:173,7,1,6
BRDA:176,8,0,2
BRDA:176,8,1,4
BRDA:179,9,0,2
BRDA:179,9,1,2
BRDA:182,10,0,2
BRDA:182,10,1,0
BRDA:191,11,0,0
BRDA:191,11,1,0
BRDA:200,12,0,0
BRDA:200,12,1,0
BRDA:215,13,0,0
BRDA:215,13,1,0
BRDA:217,14,0,0
BRDA:217,14,1,0
BRDA:240,15,0,0
BRDA:240,15,1,11
BRDA:243,16,0,11
BRDA:243,16,1,0
BRDA:254,17,0,0
BRDA:254,17,1,11
BRF:37
BRH:17
end_of_record
TN:
SF:D:\Blibli_Futureprogram\Fase2\Project\TCFM\Front-End\src\components\sidebar.vue
FN:1,(anonymous_0)
FN:8,(anonymous_1)
FN:16,_interopRequireDefault
FN:153,data
FN:172,backToLogin
FN:175,changeView
FN:182,render
FN:182,(anonymous_7)
FN:182,(anonymous_8)
FN:182,(anonymous_9)
FN:182,(anonymous_10)
FN:182,(anonymous_11)
FN:182,(anonymous_12)
FN:182,(anonymous_13)
FN:182,(anonymous_14)
FN:182,(anonymous_15)
FN:182,(anonymous_16)
FN:182,(anonymous_17)
FN:182,(anonymous_18)
FN:183,render
FNF:20
FNH:2
FNDA:8,(anonymous_0)
FNDA:0,(anonymous_1)
FNDA:8,_interopRequireDefault
FNDA:0,data
FNDA:0,backToLogin
FNDA:0,changeView
FNDA:0,render
FNDA:0,(anonymous_7)
FNDA:0,(anonymous_8)
FNDA:0,(anonymous_9)
FNDA:0,(anonymous_10)
FNDA:0,(anonymous_11)
FNDA:0,(anonymous_12)
FNDA:0,(anonymous_13)
FNDA:0,(anonymous_14)
FNDA:0,(anonymous_15)
FNDA:0,(anonymous_16)
FNDA:0,(anonymous_17)
FNDA:0,(anonymous_18)
FNDA:0,render
DA:1,8
DA:4,8
DA:8,8
DA:10,8
DA:12,8
DA:14,8
DA:16,8
DA:151,8
DA:152,8
DA:154,0
DA:173,0
DA:176,0
DA:181,8
DA:182,8
DA:183,8
LF:15
LH:12
BRDA:8,0,0,8
BRDA:8,0,1,0
BRDA:8,1,0,0
BRDA:8,1,1,0
BRDA:16,2,0,0
BRDA:16,2,1,8
BRDA:16,3,0,8
BRDA:16,3,1,8
BRDA:181,4,0,8
BRDA:181,4,1,0
BRDA:181,5,0,0
BRDA:181,5,1,8
BRDA:182,6,0,0
BRDA:182,6,1,0
BRDA:182,7,0,0
BRDA:182,7,1,0
BRDA:183,8,0,0
BRDA:183,8,1,0
BRF:18
BRH:6
end_of_record
TN:
SF:D:\Blibli_Futureprogram\Fase2\Project\TCFM\Front-End\src\components\userContributedWindow.vue
FN:30,data
FN:35,created
FN:39,closeContributedWindow
FNF:3
FNH:3
FNDA:2,data
FNDA:2,created
FNDA:1,closeContributedWindow
DA:31,2
DA:36,2
DA:40,1
LF:3
LH:3
BRF:0
BRH:0
end_of_record
TN:
SF:D:\Blibli_Futureprogram\Fase2\Project\TCFM\Front-End\src\components\zoomOnHover.vue
FN:13,data
FN:20,pageOffset
FN:31,zoom
FN:36,unzoom
FN:41,move
FN:55,initEventLoaded
FN:57,(anonymous_7)
FN:58,(anonymous_8)
FN:64,(anonymous_9)
FN:68,initEventResized
FN:73,(anonymous_11)
FN:87,mounted
FN:95,updated
FN:98,beforeDestroy
FNF:14
FNH:0
FNDA:0,data
FNDA:0,pageOffset
FNDA:0,zoom
FNDA:0,unzoom
FNDA:0,move
FNDA:0,initEventLoaded
FNDA:0,(anonymous_7)
FNDA:0,(anonymous_8)
FNDA:0,(anonymous_9)
FNDA:0,initEventResized
FNDA:0,(anonymous_11)
FNDA:0,mounted
FNDA:0,updated
FNDA:0,beforeDestroy
DA:14,0
DA:23,0
DA:26,0
DA:32,0
DA:33,0
DA:34,0
DA:37,0
DA:38,0
DA:39,0
DA:42,0
DA:43,0
DA:44,0
DA:45,0
DA:46,0
DA:47,0
DA:48,0
DA:49,0
DA:50,0
DA:51,0
DA:52,0
DA:53,0
DA:57,0
DA:58,0
DA:59,0
DA:60,0
DA:63,0
DA:64,0
DA:65,0
DA:69,0
DA:70,0
DA:71,0
DA:72,0
DA:73,0
DA:74,0
DA:75,0
DA:76,0
DA:77,0
DA:88,0
DA:89,0
DA:90,0
DA:92,0
DA:93,0
DA:96,0
DA:99,0
LF:44
LH:0
BRDA:23,0,0,0
BRDA:23,0,1,0
BRDA:32,1,0,0
BRDA:32,1,1,0
BRDA:37,2,0,0
BRDA:37,2,1,0
BRDA:42,3,0,0
BRDA:42,3,1,0
BRDA:74,4,0,0
BRDA:74,4,1,0
BRDA:74,5,0,0
BRDA:74,5,1,0
BRDA:88,6,0,0
BRDA:88,6,1,0
BRDA:99,7,0,0
BRDA:99,7,1,0
BRF:16
BRH:0
end_of_record
TN:
SF:D:\Blibli_Futureprogram\Fase2\Project\TCFM\Front-End\src\page\Dashboard.vue
FN:1,(anonymous_0)
FN:20,_interopRequireDefault
FN:23,data
FN:39,rightPanelWidth
FN:42,checkYear
FN:50,created
FN:59,getLastExpense
FN:66,(anonymous_7)
FN:72,(anonymous_8)
FN:82,getThisYearTotalPeriodPayed
FN:94,getDashboardData
FN:101,(anonymous_11)
FN:106,(anonymous_12)
FN:121,openCreateNewExpenseWindow
FN:124,closeCreateNewExpenseWindow
FN:127,openPayNowWindow
FN:130,closePayNowWindow
FN:316,render
FN:316,(anonymous_18)
FN:316,(anonymous_19)
FN:316,(anonymous_20)
FN:316,(anonymous_21)
FN:317,render
FN:317,render
FN:317,render
FN:317,render
FN:317,render
FN:317,render
FNF:28
FNH:21
FNDA:1,(anonymous_0)
FNDA:3,_interopRequireDefault
FNDA:1,data
FNDA:0,rightPanelWidth
FNDA:1,checkYear
FNDA:1,created
FNDA:1,getLastExpense
FNDA:1,(anonymous_7)
FNDA:1,(anonymous_8)
FNDA:1,getThisYearTotalPeriodPayed
FNDA:1,getDashboardData
FNDA:1,(anonymous_11)
FNDA:1,(anonymous_12)
FNDA:0,openCreateNewExpenseWindow
FNDA:0,closeCreateNewExpenseWindow
FNDA:0,openPayNowWindow
FNDA:0,closePayNowWindow
FNDA:8,render
FNDA:0,(anonymous_18)
FNDA:0,(anonymous_19)
FNDA:12,(anonymous_20)
FNDA:36,(anonymous_21)
FNDA:1,render
FNDA:1,render
FNDA:1,render
FNDA:1,render
FNDA:1,render
FNDA:1,render
DA:1,1
DA:4,1
DA:8,1
DA:10,1
DA:12,1
DA:14,1
DA:16,1
DA:18,1
DA:20,3
DA:22,1
DA:24,1
DA:40,0
DA:43,1
DA:44,0
DA:47,1
DA:51,1
DA:52,1
DA:53,1
DA:54,1
DA:55,1
DA:60,1
DA:62,1
DA:67,1
DA:68,0
DA:70,1
DA:71,1
DA:72,1
DA:73,1
DA:74,1
DA:75,1
DA:83,1
DA:84,1
DA:85,1
DA:86,1
DA:87,1
DA:88,1
DA:89,1
DA:90,1
DA:91,1
DA:92,1
DA:95,1
DA:97,1
DA:102,1
DA:103,0
DA:105,1
DA:106,1
DA:107,1
DA:108,1
DA:110,1
DA:111,1
DA:122,0
DA:125,0
DA:128,0
DA:131,0
DA:315,1
DA:316,36
DA:317,1
LF:57
LH:49
BRDA:20,0,0,2
BRDA:20,0,1,1
BRDA:20,1,0,3
BRDA:20,1,1,3
BRDA:43,2,0,0
BRDA:43,2,1,1
BRDA:67,3,0,0
BRDA:67,3,1,1
BRDA:71,4,0,1
BRDA:71,4,1,0
BRDA:88,5,0,0
BRDA:88,5,1,1
BRDA:89,6,0,0
BRDA:89,6,1,1
BRDA:102,7,0,0
BRDA:102,7,1,1
BRDA:315,8,0,1
BRDA:315,8,1,0
BRDA:315,9,0,0
BRDA:315,9,1,1
BRDA:316,10,0,8
BRDA:316,10,1,0
BRDA:316,11,0,0
BRDA:316,11,1,0
BRDA:316,12,0,0
BRDA:316,12,1,8
BRDA:316,13,0,0
BRDA:316,13,1,8
BRDA:317,14,0,1
BRDA:317,14,1,0
BRDA:317,15,0,1
BRDA:317,15,1,0
BRDA:317,16,0,1
BRDA:317,16,1,0
BRDA:317,17,0,1
BRDA:317,17,1,0
BRDA:317,18,0,1
BRDA:317,18,1,0
BRDA:317,19,0,1
BRDA:317,19,1,0
BRF:40
BRH:21
end_of_record
TN:
SF:D:\Blibli_Futureprogram\Fase2\Project\TCFM\Front-End\src\page\Expenses.vue
FN:1,(anonymous_0)
FN:38,_interopRequireDefault
FN:140,rightPanelWidth
FN:143,searchPlaceHolder
FN:153,data
FN:172,created
FN:175,mounted
FN:180,filter
FN:183,searchQuery
FN:188,searchData
FN:200,(anonymous_10)
FN:207,(anonymous_11)
FN:210,(anonymous_12)
FN:219,getExpenseData
FN:229,(anonymous_14)
FN:236,(anonymous_15)
FN:239,(anonymous_16)
FN:247,scroll
FN:251,(anonymous_18)
FN:263,showUserContributed
FN:268,closeUserContributedWindow
FN:271,openExpenseDetailWindow
FN:276,closeExpenseDetailWindow
FN:279,openCreateNewExpenseWindow
FN:282,closeCreateNewExpenseWindow
FN:285,dateFormatter
FN:286,monthToString
FN:318,statusChecker
FN:330,statusChecker
FN:345,render
FN:345,(anonymous_30)
FN:345,(anonymous_31)
FN:345,(anonymous_32)
FN:345,(anonymous_33)
FN:345,(anonymous_34)
FN:345,(anonymous_35)
FN:345,(anonymous_36)
FN:345,(anonymous_37)
FN:346,render
FNF:39
FNH:13
FNDA:1,(anonymous_0)
FNDA:7,_interopRequireDefault
FNDA:1,rightPanelWidth
FNDA:1,searchPlaceHolder
FNDA:1,data
FNDA:1,created
FNDA:1,mounted
FNDA:0,filter
FNDA:0,searchQuery
FNDA:1,searchData
FNDA:1,(anonymous_10)
FNDA:1,(anonymous_11)
FNDA:0,(anonymous_12)
FNDA:0,getExpenseData
FNDA:0,(anonymous_14)
FNDA:0,(anonymous_15)
FNDA:0,(anonymous_16)
FNDA:2,scroll
FNDA:0,(anonymous_18)
FNDA:0,showUserContributed
FNDA:0,closeUserContributedWindow
FNDA:0,openExpenseDetailWindow
FNDA:0,closeExpenseDetailWindow
FNDA:0,openCreateNewExpenseWindow
FNDA:0,closeCreateNewExpenseWindow
FNDA:0,dateFormatter
FNDA:0,monthToString
FNDA:0,statusChecker
FNDA:0,statusChecker
FNDA:2,render
FNDA:0,(anonymous_30)
FNDA:0,(anonymous_31)
FNDA:0,(anonymous_32)
FNDA:0,(anonymous_33)
FNDA:0,(anonymous_34)
FNDA:0,(anonymous_35)
FNDA:0,(anonymous_36)
FNDA:0,(anonymous_37)
FNDA:1,render
DA:1,1
DA:4,1
DA:8,1
DA:10,1
DA:12,1
DA:14,1
DA:16,1
DA:18,1
DA:20,1
DA:22,1
DA:24,1
DA:26,1
DA:28,1
DA:30,1
DA:32,1
DA:34,1
DA:36,1
DA:38,7
DA:138,1
DA:141,1
DA:144,1
DA:154,1
DA:173,1
DA:176,1
DA:181,0
DA:184,0
DA:189,1
DA:191,1
DA:193,1
DA:194,1
DA:196,1
DA:201,1
DA:202,0
DA:203,0
DA:204,0
DA:205,1
DA:206,1
DA:207,1
DA:208,1
DA:209,1
DA:210,1
DA:211,0
DA:213,1
DA:220,0
DA:222,0
DA:223,0
DA:225,0
DA:230,0
DA:231,0
DA:233,0
DA:235,0
DA:236,0
DA:237,0
DA:238,0
DA:239,0
DA:240,0
DA:242,0
DA:248,2
DA:250,2
DA:251,2
DA:253,0
DA:254,0
DA:255,0
DA:256,0
DA:257,0
DA:258,0
DA:264,0
DA:265,0
DA:266,0
DA:269,0
DA:272,0
DA:273,0
DA:274,0
DA:277,0
DA:280,0
DA:283,0
DA:286,0
DA:287,0
DA:289,0
DA:291,0
DA:293,0
DA:295,0
DA:297,0
DA:299,0
DA:301,0
DA:303,0
DA:305,0
DA:307,0
DA:309,0
DA:311,0
DA:315,0
DA:316,0
DA:319,0
DA:321,0
DA:323,0
DA:325,0
DA:331,0
DA:333,0
DA:335,0
DA:337,0
DA:344,1
DA:345,2
DA:346,1
LF:103
LH:43
BRDA:38,0,0,6
BRDA:38,0,1,1
BRDA:38,1,0,7
BRDA:38,1,1,7
BRDA:144,2,0,0
BRDA:144,2,1,1
BRDA:144,3,0,1
BRDA:144,3,1,1
BRDA:201,4,0,0
BRDA:201,4,1,1
BRDA:205,5,0,1
BRDA:205,5,1,0
BRDA:230,6,0,0
BRDA:230,6,1,0
BRDA:253,7,0,0
BRDA:253,7,1,0
BRDA:255,8,0,0
BRDA:255,8,1,0
BRDA:287,9,0,0
BRDA:287,9,1,0
BRDA:287,9,2,0
BRDA:287,9,3,0
BRDA:287,9,4,0
BRDA:287,9,5,0
BRDA:287,9,6,0
BRDA:287,9,7,0
BRDA:287,9,8,0
BRDA:287,9,9,0
BRDA:287,9,10,0
BRDA:287,9,11,0
BRDA:319,10,0,0
BRDA:319,10,1,0
BRDA:319,10,2,0
BRDA:331,11,0,0
BRDA:331,11,1,0
BRDA:331,11,2,0
BRDA:344,12,0,1
BRDA:344,12,1,0
BRDA:344,13,0,0
BRDA:344,13,1,1
BRDA:345,14,0,2
BRDA:345,14,1,0
BRDA:345,15,0,0
BRDA:345,15,1,0
BRDA:345,16,0,0
BRDA:345,16,1,2
BRDA:345,17,0,0
BRDA:345,17,1,2
BRDA:345,18,0,0
BRDA:345,18,1,2
BRDA:346,19,0,1
BRDA:346,19,1,0
BRF:52
BRH:16
end_of_record
TN:
SF:D:\Blibli_Futureprogram\Fase2\Project\TCFM\Front-End\src\page\ManageGroup.vue
FN:109,rightPanelWidth
FN:111,searchPlaceHolder
FN:115,data
FN:131,mounted
FN:133,filter
FN:136,searchQuery
FN:140,created
FN:142,searchData
FN:145,(anonymous_10)
FN:154,(anonymous_11)
FN:158,(anonymous_12)
FN:166,getGroupData
FN:171,(anonymous_14)
FN:180,(anonymous_15)
FN:184,(anonymous_16)
FN:191,closeUserContributedWindow
FN:192,openGroupDetailWindow
FN:200,closeGroupDetailWindow
FN:201,updateGroupDetailWindow
FN:205,openCreateNewGroupWindow
FN:211,closeCreateNewGroupWindow
FN:213,openBulkInsertWindow
FN:216,closeBulkInsertWindow
FN:219,scroll
FN:221,(anonymous_26)
FN:233,dateFormatter
FN:234,monthToString
FN:254,statusChecker
FN:263,statusChecker
FNF:29
FNH:9
FNDA:1,rightPanelWidth
FNDA:1,searchPlaceHolder
FNDA:1,data
FNDA:1,mounted
FNDA:0,filter
FNDA:0,searchQuery
FNDA:1,created
FNDA:1,searchData
FNDA:1,(anonymous_10)
FNDA:1,(anonymous_11)
FNDA:0,(anonymous_12)
FNDA:0,getGroupData
FNDA:0,(anonymous_14)
FNDA:0,(anonymous_15)
FNDA:0,(anonymous_16)
FNDA:0,closeUserContributedWindow
FNDA:0,openGroupDetailWindow
FNDA:0,closeGroupDetailWindow
FNDA:0,updateGroupDetailWindow
FNDA:0,openCreateNewGroupWindow
FNDA:0,closeCreateNewGroupWindow
FNDA:0,openBulkInsertWindow
FNDA:0,closeBulkInsertWindow
FNDA:2,scroll
FNDA:0,(anonymous_26)
FNDA:0,dateFormatter
FNDA:0,monthToString
FNDA:0,statusChecker
FNDA:0,statusChecker
DA:93,1
DA:94,1
DA:95,1
DA:96,1
DA:98,1
DA:99,1
DA:109,1
DA:112,1
DA:116,1
DA:131,1
DA:134,0
DA:137,0
DA:140,1
DA:142,1
DA:143,1
DA:144,1
DA:145,1
DA:149,1
DA:150,0
DA:153,1
DA:154,1
DA:156,1
DA:157,1
DA:158,1
DA:166,0
DA:167,0
DA:168,0
DA:171,0
DA:175,0
DA:176,0
DA:179,0
DA:180,0
DA:182,0
DA:183,0
DA:184,0
DA:191,0
DA:193,0
DA:194,0
DA:195,0
DA:196,0
DA:197,0
DA:200,0
DA:202,0
DA:203,0
DA:206,0
DA:207,0
DA:208,0
DA:209,0
DA:210,0
DA:212,0
DA:214,0
DA:217,0
DA:219,2
DA:220,2
DA:221,2
DA:223,0
DA:224,0
DA:225,0
DA:226,0
DA:227,0
DA:228,0
DA:234,0
DA:235,0
DA:236,0
DA:237,0
DA:238,0
DA:239,0
DA:240,0
DA:241,0
DA:242,0
DA:243,0
DA:244,0
DA:245,0
DA:246,0
DA:247,0
DA:251,0
DA:252,0
DA:255,0
DA:256,0
DA:257,0
DA:258,0
DA:264,0
DA:265,0
DA:266,0
DA:267,0
LF:85
LH:24
BRDA:112,0,0,1
BRDA:112,0,1,2
BRDA:149,1,0,0
BRDA:149,1,1,1
BRDA:175,2,0,0
BRDA:175,2,1,0
BRDA:223,3,0,0
BRDA:223,3,1,0
BRDA:225,4,0,0
BRDA:225,4,1,0
BRDA:236,5,0,0
BRDA:236,5,1,0
BRDA:236,5,2,0
BRDA:236,5,3,0
BRDA:236,5,4,0
BRDA:236,5,5,0
BRDA:236,5,6,0
BRDA:236,5,7,0
BRDA:236,5,8,0
BRDA:236,5,9,0
BRDA:236,5,10,0
BRDA:236,5,11,0
BRDA:256,6,0,0
BRDA:256,6,1,0
BRDA:256,6,2,0
BRDA:265,7,0,0
BRDA:265,7,1,0
BRDA:265,7,2,0
BRF:28
BRH:3
end_of_record
TN:
SF:D:\Blibli_Futureprogram\Fase2\Project\TCFM\Front-End\src\page\ManagePayment.vue
FN:91,rightPanelWidth
FN:94,searchPlaceHolder
FN:98,data
FN:110,mounted
FN:112,filter
FN:115,searchQuery
FN:119,created
FN:121,searchData
FN:124,(anonymous_10)
FN:133,(anonymous_11)
FN:137,(anonymous_12)
FN:145,getPendingPayment
FN:150,(anonymous_14)
FN:159,(anonymous_15)
FN:163,(anonymous_16)
FN:170,openPaymentDetailWindow
FN:174,closePaymentDetailWindow
FN:177,dateFormatter
FN:178,monthToString
FN:198,statusChecker
FN:205,scroll
FN:207,(anonymous_23)
FN:219,searchPayment
FN:225,statusChecker
FNF:24
FNH:9
FNDA:1,rightPanelWidth
FNDA:1,searchPlaceHolder
FNDA:1,data
FNDA:1,mounted
FNDA:0,filter
FNDA:0,searchQuery
FNDA:1,created
FNDA:1,searchData
FNDA:1,(anonymous_10)
FNDA:1,(anonymous_11)
FNDA:0,(anonymous_12)
FNDA:0,getPendingPayment
FNDA:0,(anonymous_14)
FNDA:0,(anonymous_15)
FNDA:0,(anonymous_16)
FNDA:0,openPaymentDetailWindow
FNDA:0,closePaymentDetailWindow
FNDA:0,dateFormatter
FNDA:0,monthToString
FNDA:0,statusChecker
FNDA:2,scroll
FNDA:0,(anonymous_23)
FNDA:0,searchPayment
FNDA:0,statusChecker
DA:78,1
DA:79,1
DA:80,1
DA:81,1
DA:82,1
DA:83,1
DA:92,1
DA:95,1
DA:99,1
DA:110,1
DA:113,0
DA:116,0
DA:119,1
DA:121,1
DA:122,1
DA:123,1
DA:124,1
DA:128,1
DA:129,0
DA:132,1
DA:133,1
DA:135,1
DA:136,1
DA:137,1
DA:145,0
DA:146,0
DA:147,0
DA:150,0
DA:154,0
DA:155,0
DA:158,0
DA:159,0
DA:161,0
DA:162,0
DA:163,0
DA:171,0
DA:172,0
DA:174,0
DA:178,0
DA:179,0
DA:180,0
DA:181,0
DA:182,0
DA:183,0
DA:184,0
DA:185,0
DA:186,0
DA:187,0
DA:188,0
DA:189,0
DA:190,0
DA:191,0
DA:195,0
DA:196,0
DA:199,0
DA:200,0
DA:201,0
DA:202,0
DA:205,2
DA:206,2
DA:207,2
DA:209,0
DA:210,0
DA:211,0
DA:212,0
DA:213,0
DA:214,0
DA:226,0
DA:227,0
DA:228,0
DA:229,0
LF:71
LH:24
BRDA:95,0,0,1
BRDA:95,0,1,2
BRDA:128,1,0,0
BRDA:128,1,1,1
BRDA:154,2,0,0
BRDA:154,2,1,0
BRDA:180,3,0,0
BRDA:180,3,1,0
BRDA:180,3,2,0
BRDA:180,3,3,0
BRDA:180,3,4,0
BRDA:180,3,5,0
BRDA:180,3,6,0
BRDA:180,3,7,0
BRDA:180,3,8,0
BRDA:180,3,9,0
BRDA:180,3,10,0
BRDA:180,3,11,0
BRDA:200,4,0,0
BRDA:200,4,1,0
BRDA:200,4,2,0
BRDA:209,5,0,0
BRDA:209,5,1,0
BRDA:211,6,0,0
BRDA:211,6,1,0
BRDA:227,7,0,0
BRDA:227,7,1,0
BRDA:227,7,2,0
BRF:28
BRH:3
end_of_record
TN:
SF:D:\Blibli_Futureprogram\Fase2\Project\TCFM\Front-End\src\page\ManageUser.vue
FN:91,data
FN:109,rightPanelWidth
FN:112,searchPlaceHolder
FN:116,created
FN:122,mounted
FN:126,filter
FN:129,searchQuery
FN:134,searchData
FN:138,(anonymous_11)
FN:153,(anonymous_12)
FN:157,(anonymous_13)
FN:164,getMembersData
FN:167,(anonymous_15)
FN:179,(anonymous_16)
FN:183,(anonymous_17)
FN:188,closeAddNewUserWindow
FN:191,filterData
FN:195,(anonymous_20)
FN:219,editUser
FN:226,createUser
FN:234,scroll
FN:236,(anonymous_24)
FNF:22
FNH:9
FNDA:1,data
FNDA:1,rightPanelWidth
FNDA:1,searchPlaceHolder
FNDA:1,created
FNDA:1,mounted
FNDA:0,filter
FNDA:0,searchQuery
FNDA:1,searchData
FNDA:1,(anonymous_11)
FNDA:1,(anonymous_12)
FNDA:0,(anonymous_13)
FNDA:0,getMembersData
FNDA:0,(anonymous_15)
FNDA:0,(anonymous_16)
FNDA:0,(anonymous_17)
FNDA:0,closeAddNewUserWindow
FNDA:0,filterData
FNDA:0,(anonymous_20)
FNDA:0,editUser
FNDA:0,createUser
FNDA:2,scroll
FNDA:0,(anonymous_24)
DA:79,1
DA:80,1
DA:81,1
DA:82,1
DA:83,1
DA:92,1
DA:110,1
DA:113,1
DA:118,1
DA:119,1
DA:123,1
DA:127,0
DA:130,0
DA:134,1
DA:135,1
DA:136,1
DA:138,1
DA:144,1
DA:145,0
DA:146,0
DA:147,1
DA:148,0
DA:149,0
DA:150,0
DA:151,1
DA:152,1
DA:153,1
DA:155,1
DA:156,1
DA:157,1
DA:164,0
DA:165,0
DA:167,0
DA:173,0
DA:175,0
DA:178,0
DA:179,0
DA:181,0
DA:182,0
DA:183,0
DA:189,0
DA:192,0
DA:193,0
DA:195,0
DA:196,0
DA:197,0
DA:198,0
DA:199,0
DA:200,0
DA:202,0
DA:209,0
DA:213,0
DA:214,0
DA:215,0
DA:216,0
DA:220,0
DA:221,0
DA:222,0
DA:223,0
DA:224,0
DA:227,0
DA:228,0
DA:229,0
DA:230,0
DA:231,0
DA:234,2
DA:235,2
DA:236,2
DA:238,0
DA:239,0
DA:240,0
DA:241,0
DA:242,0
DA:243,0
LF:74
LH:26
BRDA:113,0,0,1
BRDA:113,0,1,2
BRDA:144,1,0,0
BRDA:144,1,1,1
BRDA:147,2,0,0
BRDA:147,2,1,1
BRDA:151,3,0,1
BRDA:151,3,1,0
BRDA:173,4,0,0
BRDA:173,4,1,0
BRDA:202,5,0,0
BRDA:202,5,1,0
BRDA:202,6,0,0
BRDA:202,6,1,0
BRDA:202,6,2,0
BRDA:202,6,3,0
BRDA:202,6,4,0
BRDA:215,7,0,0
BRDA:215,7,1,0
BRDA:238,8,0,0
BRDA:238,8,1,0
BRDA:240,9,0,0
BRDA:240,9,1,0
BRF:23
BRH:5
end_of_record
TN:
SF:D:\Blibli_Futureprogram\Fase2\Project\TCFM\Front-End\src\page\Members.vue
FN:81,rightPanelWidth
FN:85,data
FN:97,created
FN:100,mounted
FN:104,filter
FN:107,searchQuery
FN:112,searchData
FN:115,(anonymous_9)
FN:127,(anonymous_10)
FN:131,(anonymous_11)
FN:139,getMembersData
FN:141,(anonymous_13)
FN:153,(anonymous_14)
FN:157,(anonymous_15)
FN:162,scroll
FN:164,(anonymous_17)
FN:177,dateFormatter
FN:178,monthToString
FNF:18
FNH:8
FNDA:1,rightPanelWidth
FNDA:1,data
FNDA:1,created
FNDA:1,mounted
FNDA:0,filter
FNDA:0,searchQuery
FNDA:1,searchData
FNDA:1,(anonymous_9)
FNDA:1,(anonymous_10)
FNDA:0,(anonymous_11)
FNDA:0,getMembersData
FNDA:0,(anonymous_13)
FNDA:0,(anonymous_14)
FNDA:0,(anonymous_15)
FNDA:2,scroll
FNDA:0,(anonymous_17)
FNDA:0,dateFormatter
FNDA:0,monthToString
DA:72,2
DA:73,2
DA:74,2
DA:75,2
DA:82,1
DA:86,1
DA:98,1
DA:101,1
DA:105,0
DA:108,0
DA:112,1
DA:113,1
DA:114,1
DA:115,1
DA:121,1
DA:122,0
DA:123,0
DA:124,1
DA:126,1
DA:127,1
DA:129,1
DA:130,1
DA:131,1
DA:139,0
DA:140,0
DA:141,0
DA:147,0
DA:149,0
DA:152,0
DA:153,0
DA:155,0
DA:156,0
DA:157,0
DA:162,2
DA:163,2
DA:164,2
DA:166,0
DA:167,0
DA:168,0
DA:169,0
DA:170,0
DA:171,0
DA:178,0
DA:179,0
DA:180,0
DA:181,0
DA:182,0
DA:183,0
DA:184,0
DA:185,0
DA:186,0
DA:187,0
DA:188,0
DA:189,0
DA:190,0
DA:191,0
DA:194,0
DA:195,0
LF:58
LH:22
BRDA:121,0,0,0
BRDA:121,0,1,1
BRDA:124,1,0,1
BRDA:124,1,1,0
BRDA:147,2,0,0
BRDA:147,2,1,0
BRDA:166,3,0,0
BRDA:166,3,1,0
BRDA:168,4,0,0
BRDA:168,4,1,0
BRDA:180,5,0,0
BRDA:180,5,1,0
BRDA:180,5,2,0
BRDA:180,5,3,0
BRDA:180,5,4,0
BRDA:180,5,5,0
BRDA:180,5,6,0
BRDA:180,5,7,0
BRDA:180,5,8,0
BRDA:180,5,9,0
BRDA:180,5,10,0
BRDA:180,5,11,0
BRF:22
BRH:2
end_of_record
TN:
SF:D:\Blibli_Futureprogram\Fase2\Project\TCFM\Front-End\src\page\Overview.vue
FN:1,(anonymous_0)
FN:28,_interopRequireWildcard
FN:30,_interopRequireDefault
FN:33,data
FN:43,rightPanelWidth
FN:48,groupNotificationList
FN:53,navigateTo
FN:56,getOverviewData
FN:63,(anonymous_8)
FN:68,(anonymous_9)
FN:75,openExpenseDetailWindow
FN:79,closeExpenseDetailWindow
FN:82,streamGroupNotification
FN:89,(anonymous_13)
FN:95,(anonymous_14)
FN:100,(anonymous_15)
FN:106,created
FN:110,destroyed
FN:116,fromNow
FN:256,render
FN:256,(anonymous_20)
FN:256,(anonymous_21)
FN:256,(anonymous_22)
FN:256,(anonymous_23)
FN:256,(anonymous_24)
FN:257,render
FN:257,render
FN:257,render
FNF:28
FNH:14
FNDA:1,(anonymous_0)
FNDA:1,_interopRequireWildcard
FNDA:4,_interopRequireDefault
FNDA:1,data
FNDA:1,rightPanelWidth
FNDA:0,groupNotificationList
FNDA:0,navigateTo
FNDA:1,getOverviewData
FNDA:1,(anonymous_8)
FNDA:1,(anonymous_9)
FNDA:0,openExpenseDetailWindow
FNDA:0,closeExpenseDetailWindow
FNDA:1,streamGroupNotification
FNDA:0,(anonymous_13)
FNDA:0,(anonymous_14)
FNDA:0,(anonymous_15)
FNDA:1,created
FNDA:0,destroyed
FNDA:0,fromNow
FNDA:2,render
FNDA:0,(anonymous_20)
FNDA:0,(anonymous_21)
FNDA:0,(anonymous_22)
FNDA:0,(anonymous_23)
FNDA:0,(anonymous_24)
FNDA:1,render
FNDA:1,render
FNDA:1,render
DA:1,1
DA:4,1
DA:8,1
DA:10,1
DA:12,1
DA:14,1
DA:16,1
DA:18,1
DA:20,1
DA:22,1
DA:24,1
DA:26,1
DA:28,40
DA:30,4
DA:32,1
DA:34,1
DA:44,1
DA:49,0
DA:54,0
DA:57,1
DA:59,1
DA:64,1
DA:65,0
DA:67,1
DA:68,1
DA:69,1
DA:70,1
DA:76,0
DA:77,0
DA:80,0
DA:83,1
DA:85,1
DA:87,1
DA:89,0
DA:90,0
DA:91,0
DA:92,0
DA:93,0
DA:95,0
DA:96,0
DA:97,0
DA:100,0
DA:102,0
DA:107,1
DA:108,1
DA:111,0
DA:117,0
DA:255,1
DA:256,2
DA:257,1
LF:50
LH:32
BRDA:28,0,0,0
BRDA:28,0,1,1
BRDA:28,1,0,1
BRDA:28,1,1,1
BRDA:28,2,0,1
BRDA:28,2,1,0
BRDA:28,3,0,40
BRDA:28,3,1,0
BRDA:30,4,0,3
BRDA:30,4,1,1
BRDA:30,5,0,4
BRDA:30,5,1,4
BRDA:64,6,0,0
BRDA:64,6,1,1
BRDA:255,7,0,1
BRDA:255,7,1,0
BRDA:255,8,0,0
BRDA:255,8,1,1
BRDA:256,9,0,2
BRDA:256,9,1,0
BRDA:256,10,0,0
BRDA:256,10,1,2
BRDA:257,11,0,1
BRDA:257,11,1,0
BRDA:257,12,0,1
BRDA:257,12,1,0
BRDA:257,13,0,1
BRDA:257,13,1,0
BRF:28
BRH:17
end_of_record
TN:
SF:D:\Blibli_Futureprogram\Fase2\Project\TCFM\Front-End\src\page\PaymentHistory.vue
FN:87,rightPanelWidth
FN:88,checkYear
FN:95,data
FN:115,created
FN:124,mounted
FN:128,filter
FN:131,searchQuery
FN:137,searchData
FN:139,(anonymous_10)
FN:151,(anonymous_11)
FN:154,(anonymous_12)
FN:156,(anonymous_13)
FN:162,getThisYearTotalPeriodPayed
FN:168,openPayNowWindow
FN:169,closePayNowWindow
FN:170,getMembersData
FN:173,(anonymous_18)
FN:185,(anonymous_19)
FN:188,(anonymous_20)
FN:191,(anonymous_21)
FN:198,scroll
FN:200,(anonymous_23)
FNF:22
FNH:9
FNDA:1,rightPanelWidth
FNDA:1,checkYear
FNDA:1,data
FNDA:1,created
FNDA:1,mounted
FNDA:0,filter
FNDA:0,searchQuery
FNDA:1,searchData
FNDA:1,(anonymous_10)
FNDA:1,(anonymous_11)
FNDA:0,(anonymous_12)
FNDA:0,(anonymous_13)
FNDA:0,getThisYearTotalPeriodPayed
FNDA:0,openPayNowWindow
FNDA:0,closePayNowWindow
FNDA:0,getMembersData
FNDA:0,(anonymous_18)
FNDA:0,(anonymous_19)
FNDA:0,(anonymous_20)
FNDA:0,(anonymous_21)
FNDA:2,scroll
FNDA:0,(anonymous_23)
DA:73,1
DA:74,1
DA:75,1
DA:76,1
DA:77,1
DA:78,1
DA:87,1
DA:89,1
DA:90,0
DA:92,1
DA:96,1
DA:116,1
DA:117,1
DA:118,1
DA:119,1
DA:120,1
DA:121,1
DA:125,1
DA:129,0
DA:132,0
DA:137,1
DA:138,1
DA:139,1
DA:145,1
DA:146,0
DA:147,0
DA:148,1
DA:150,1
DA:151,1
DA:153,1
DA:154,1
DA:155,0
DA:156,0
DA:163,0
DA:164,0
DA:165,0
DA:166,0
DA:168,0
DA:169,0
DA:170,0
DA:171,0
DA:173,0
DA:179,0
DA:181,0
DA:182,0
DA:184,0
DA:185,0
DA:187,0
DA:188,0
DA:190,0
DA:191,0
DA:198,2
DA:199,2
DA:200,2
DA:202,0
DA:203,0
DA:204,0
DA:205,0
DA:206,0
LF:59
LH:29
BRDA:89,0,0,0
BRDA:89,0,1,1
BRDA:145,1,0,0
BRDA:145,1,1,1
BRDA:148,2,0,1
BRDA:148,2,1,0
BRDA:166,3,0,0
BRDA:166,3,1,0
BRDA:179,4,0,0
BRDA:179,4,1,0
BRDA:182,5,0,0
BRDA:182,5,1,0
BRDA:202,6,0,0
BRDA:202,6,1,0
BRDA:204,7,0,0
BRDA:204,7,1,0
BRF:16
BRH:3
end_of_record
TN:
SF:D:\Blibli_Futureprogram\Fase2\Project\TCFM\Front-End\src\page\Profile.vue
FN:1,(anonymous_0)
FN:20,_interopRequireDefault
FN:23,data
FN:36,created
FN:46,rightPanelWidth
FN:49,ppAvailable
FN:58,changeFile
FN:67,getUserData
FN:75,(anonymous_8)
FN:82,(anonymous_9)
FN:93,updateProfile
FN:96,cancelChanges
FN:99,saveChanges
FN:112,(anonymous_13)
FN:117,(anonymous_14)
FN:131,validateInput
FN:266,render
FN:266,(anonymous_17)
FN:266,(anonymous_18)
FN:266,(anonymous_19)
FN:266,(anonymous_20)
FN:266,(anonymous_21)
FN:266,(anonymous_22)
FN:266,(anonymous_23)
FN:266,(anonymous_24)
FN:266,(anonymous_25)
FN:267,render
FN:267,render
FNF:28
FNH:21
FNDA:1,(anonymous_0)
FNDA:3,_interopRequireDefault
FNDA:13,data
FNDA:13,created
FNDA:13,rightPanelWidth
FNDA:28,ppAvailable
FNDA:0,changeFile
FNDA:14,getUserData
FNDA:14,(anonymous_8)
FNDA:14,(anonymous_9)
FNDA:1,updateProfile
FNDA:1,cancelChanges
FNDA:2,saveChanges
FNDA:1,(anonymous_13)
FNDA:1,(anonymous_14)
FNDA:11,validateInput
FNDA:58,render
FNDA:0,(anonymous_17)
FNDA:3,(anonymous_18)
FNDA:1,(anonymous_19)
FNDA:1,(anonymous_20)
FNDA:0,(anonymous_21)
FNDA:0,(anonymous_22)
FNDA:0,(anonymous_23)
FNDA:0,(anonymous_24)
FNDA:0,(anonymous_25)
FNDA:13,render
FNDA:13,render
DA:1,1
DA:4,1
DA:8,1
DA:10,1
DA:12,1
DA:14,1
DA:16,1
DA:18,1
DA:20,3
DA:22,1
DA:24,13
DA:37,13
DA:38,13
DA:39,13
DA:40,13
DA:47,13
DA:50,28
DA:51,28
DA:53,0
DA:59,0
DA:60,0
DA:61,0
DA:62,0
DA:64,0
DA:68,14
DA:70,14
DA:76,14
DA:77,0
DA:78,0
DA:80,14
DA:81,14
DA:82,14
DA:84,14
DA:85,14
DA:88,0
DA:94,1
DA:97,1
DA:100,2
DA:102,2
DA:103,1
DA:104,1
DA:105,1
DA:106,1
DA:113,1
DA:114,0
DA:115,1
DA:116,1
DA:117,1
DA:119,1
DA:120,1
DA:121,1
DA:122,1
DA:125,0
DA:127,0
DA:132,11
DA:133,2
DA:134,2
DA:135,9
DA:136,2
DA:137,2
DA:138,7
DA:139,2
DA:140,2
DA:141,5
DA:142,2
DA:143,2
DA:145,3
DA:146,3
DA:265,1
DA:266,58
DA:267,13
LF:71
LH:59
BRDA:20,0,0,2
BRDA:20,0,1,1
BRDA:20,1,0,3
BRDA:20,1,1,3
BRDA:39,2,0,13
BRDA:39,2,1,0
BRDA:39,3,0,13
BRDA:39,3,1,0
BRDA:50,4,0,28
BRDA:50,4,1,0
BRDA:50,5,0,28
BRDA:50,5,1,28
BRDA:50,5,2,0
BRDA:59,6,0,0
BRDA:59,6,1,0
BRDA:76,7,0,0
BRDA:76,7,1,14
BRDA:81,8,0,14
BRDA:81,8,1,0
BRDA:102,9,0,1
BRDA:102,9,1,1
BRDA:113,10,0,0
BRDA:113,10,1,1
BRDA:115,11,0,1
BRDA:115,11,1,0
BRDA:132,12,0,2
BRDA:132,12,1,9
BRDA:135,13,0,2
BRDA:135,13,1,7
BRDA:138,14,0,2
BRDA:138,14,1,5
BRDA:138,15,0,7
BRDA:138,15,1,4
BRDA:138,15,2,2
BRDA:141,16,0,2
BRDA:141,16,1,3
BRDA:141,17,0,5
BRDA:141,17,1,2
BRDA:141,17,2,3
BRDA:145,18,0,1
BRDA:145,18,1,2
BRDA:265,19,0,1
BRDA:265,19,1,0
BRDA:265,20,0,0
BRDA:265,20,1,1
BRDA:266,21,0,58
BRDA:266,21,1,0
BRDA:266,22,0,29
BRDA:266,22,1,29
BRDA:266,23,0,29
BRDA:266,23,1,29
BRDA:266,24,0,29
BRDA:266,24,1,29
BRDA:266,25,0,0
BRDA:266,25,1,0
BRDA:266,26,0,29
BRDA:266,26,1,29
BRDA:266,27,0,0
BRDA:266,27,1,0
BRDA:266,28,0,0
BRDA:266,28,1,58
BRDA:266,29,0,29
BRDA:266,29,1,29
BRDA:266,30,0,0
BRDA:266,30,1,0
BRDA:266,31,0,0
BRDA:266,31,1,0
BRDA:267,32,0,13
BRDA:267,32,1,0
BRDA:267,33,0,13
BRDA:267,33,1,0
BRF:71
BRH:47
end_of_record
TN:
SF:D:\Blibli_Futureprogram\Fase2\Project\TCFM\Front-End\src\page\login.vue
FN:25,data
FN:34,loginHandler
FN:46,(anonymous_4)
FN:63,(anonymous_5)
FN:66,(anonymous_6)
FNF:5
FNH:4
FNDA:4,data
FNDA:2,loginHandler
FNDA:1,(anonymous_4)
FNDA:0,(anonymous_5)
FNDA:1,(anonymous_6)
DA:20,1
DA:21,1
DA:22,1
DA:26,4
DA:34,2
DA:35,2
DA:36,1
DA:37,1
DA:38,1
DA:41,1
DA:46,1
DA:49,1
DA:50,1
DA:52,1
DA:53,1
DA:54,1
DA:55,1
DA:56,1
DA:57,1
DA:58,1
DA:59,1
DA:60,0
DA:61,0
DA:65,0
DA:67,1
LF:25
LH:22
BRDA:35,0,0,1
BRDA:35,0,1,1
BRDA:35,1,0,2
BRDA:35,1,1,1
BRF:4
BRH:4
end_of_record
